<?xml version="1.0" encoding="UTF-8"?>
<coverage generated="1746746437865" clover="3.2.0">
  <project timestamp="1746746437866" name="All files">
    <metrics statements="21" coveredstatements="21" conditionals="4" coveredconditionals="4" methods="6" coveredmethods="6" elements="31" coveredelements="31" complexity="0" loc="21" ncloc="21" packages="1" files="1" classes="1"/>
    <file name="Counter.jsx" path="/Users/alejandrosolarte/Downloads/Estructuras2/laboratoriojest/src/components/Counter.jsx">
      <metrics statements="21" coveredstatements="21" conditionals="4" coveredconditionals="4" methods="6" coveredmethods="6"/>
      <line num="5" count="17" type="stmt"/>
      <line num="6" count="17" type="stmt"/>
      <line num="8" count="17" type="stmt"/>
      <line num="9" count="3" type="stmt"/>
      <line num="12" count="17" type="stmt"/>
      <line num="13" count="2" type="cond" truecount="2" falsecount="0"/>
      <line num="14" count="1" type="stmt"/>
      <line num="15" count="1" type="stmt"/>
      <line num="17" count="1" type="stmt"/>
      <line num="20" count="17" type="stmt"/>
      <line num="21" count="1" type="stmt"/>
      <line num="24" count="17" type="stmt"/>
      <line num="25" count="3" type="stmt"/>
      <line num="28" count="17" type="stmt"/>
      <line num="29" count="2" type="stmt"/>
      <line num="30" count="2" type="cond" truecount="2" falsecount="0"/>
      <line num="31" count="1" type="stmt"/>
      <line num="32" count="1" type="stmt"/>
      <line num="34" count="1" type="stmt"/>
      <line num="35" count="1" type="stmt"/>
      <line num="38" count="17" type="stmt"/>
    </file>
  </project>
</coverage>
