{"/Users/alejandrosolarte/Downloads/Estructuras2/laboratoriojest/src/components/Counter.jsx": {"path":"/Users/alejandrosolarte/Downloads/Estructuras2/laboratoriojest/src/components/Counter.jsx","statementMap":{"0":{"start":{"line":5,"column":36},"end":{"line":5,"column":47}},"1":{"start":{"line":6,"column":40},"end":{"line":6,"column":52}},"2":{"start":{"line":8,"column":29},"end":{"line":10,"column":5}},"3":{"start":{"line":9,"column":8},"end":{"line":9,"column":31}},"4":{"start":{"line":12,"column":30},"end":{"line":18,"column":5}},"5":{"start":{"line":13,"column":8},"end":{"line":16,"column":9}},"6":{"start":{"line":14,"column":12},"end":{"line":14,"column":44}},"7":{"start":{"line":15,"column":12},"end":{"line":15,"column":18}},"8":{"start":{"line":17,"column":8},"end":{"line":17,"column":31}},"9":{"start":{"line":20,"column":26},"end":{"line":22,"column":5}},"10":{"start":{"line":21,"column":8},"end":{"line":21,"column":22}},"11":{"start":{"line":24,"column":30},"end":{"line":26,"column":5}},"12":{"start":{"line":25,"column":8},"end":{"line":25,"column":37}},"13":{"start":{"line":28,"column":30},"end":{"line":36,"column":5}},"14":{"start":{"line":29,"column":23},"end":{"line":29,"column":47}},"15":{"start":{"line":30,"column":8},"end":{"line":33,"column":9}},"16":{"start":{"line":31,"column":12},"end":{"line":31,"column":55}},"17":{"start":{"line":32,"column":12},"end":{"line":32,"column":18}},"18":{"start":{"line":34,"column":8},"end":{"line":34,"column":38}},"19":{"start":{"line":35,"column":8},"end":{"line":35,"column":25}},"20":{"start":{"line":38,"column":4},"end":{"line":58,"column":5}}},"fnMap":{"0":{"name":"Counter","decl":{"start":{"line":3,"column":9},"end":{"line":3,"column":16}},"loc":{"start":{"line":3,"column":20},"end":{"line":60,"column":1}},"line":3},"1":{"name":"(anonymous_1)","decl":{"start":{"line":8,"column":29},"end":{"line":8,"column":30}},"loc":{"start":{"line":8,"column":35},"end":{"line":10,"column":5}},"line":8},"2":{"name":"(anonymous_2)","decl":{"start":{"line":12,"column":30},"end":{"line":12,"column":31}},"loc":{"start":{"line":12,"column":36},"end":{"line":18,"column":5}},"line":12},"3":{"name":"(anonymous_3)","decl":{"start":{"line":20,"column":26},"end":{"line":20,"column":27}},"loc":{"start":{"line":20,"column":32},"end":{"line":22,"column":5}},"line":20},"4":{"name":"(anonymous_4)","decl":{"start":{"line":24,"column":30},"end":{"line":24,"column":31}},"loc":{"start":{"line":24,"column":37},"end":{"line":26,"column":5}},"line":24},"5":{"name":"(anonymous_5)","decl":{"start":{"line":28,"column":30},"end":{"line":28,"column":31}},"loc":{"start":{"line":28,"column":36},"end":{"line":36,"column":5}},"line":28}},"branchMap":{"0":{"loc":{"start":{"line":13,"column":8},"end":{"line":16,"column":9}},"type":"if","locations":[{"start":{"line":13,"column":8},"end":{"line":16,"column":9}},{"start":{},"end":{}}],"line":13},"1":{"loc":{"start":{"line":30,"column":8},"end":{"line":33,"column":9}},"type":"if","locations":[{"start":{"line":30,"column":8},"end":{"line":33,"column":9}},{"start":{},"end":{}}],"line":30}},"s":{"0":17,"1":17,"2":17,"3":3,"4":17,"5":2,"6":1,"7":1,"8":1,"9":17,"10":1,"11":17,"12":3,"13":17,"14":2,"15":2,"16":1,"17":1,"18":1,"19":1,"20":17},"f":{"0":17,"1":3,"2":2,"3":1,"4":3,"5":2},"b":{"0":[1,1],"1":[1,1]},"_coverageSchema":"1a1c01bbd47fc00a2c39e90264f33305004495a9","hash":"fa8a5a60e2a6edaa8b3b3aa218eb686180e9f920"}
}
