TN:
SF:src/components/Counter.jsx
FN:3,Counter
FN:8,(anonymous_1)
FN:12,(anonymous_2)
FN:20,(anonymous_3)
FN:24,(anonymous_4)
FN:28,(anonymous_5)
FNF:6
FNH:6
FNDA:17,Counter
FNDA:3,(anonymous_1)
FNDA:2,(anonymous_2)
FNDA:1,(anonymous_3)
FNDA:3,(anonymous_4)
FNDA:2,(anonymous_5)
DA:5,17
DA:6,17
DA:8,17
DA:9,3
DA:12,17
DA:13,2
DA:14,1
DA:15,1
DA:17,1
DA:20,17
DA:21,1
DA:24,17
DA:25,3
DA:28,17
DA:29,2
DA:30,2
DA:31,1
DA:32,1
DA:34,1
DA:35,1
DA:38,17
LF:21
LH:21
BRDA:13,0,0,1
BRDA:13,0,1,1
BRDA:30,1,0,1
BRDA:30,1,1,1
BRF:4
BRH:4
end_of_record
